<?xml version="1.0" encoding="UTF-8" standalone="no"?>
<testsuite errors="0" failures="0" name="io.cucumber.core.plugin.JUnitFormatter" skipped="0" tests="1" time="17.942">
    <testcase classname="Feature to test yocket homepage" name="Validate yocket college finder page" time="17.717">
        <system-out>
            <![CDATA[Given browser is open.......................................................passed
And user is google search page..............................................passed
When user enters yocket.com as search text..................................passed
And hits enter..............................................................passed
Then user is navigated on google search results.............................passed
And user selects University College Finder..................................passed
]]>
        </system-out>
    </testcase>
</testsuite>
